"D:/GitRepos/UnrealHideAndSeekTag/MyProject/Content/Mannequin/Character/Mesh/UE4_Mannequin_Skeleton.uasset" 0
"D:/GitRepos/UnrealHideAndSeekTag/MyProject/Content/Mannequin/Character/Mesh/UE4_Mannequin_Skeleton.uexp" 1
"D:/GitRepos/UnrealHideAndSeekTag/MyProject/Content/Mannequin/Animations/ThirdPerson_Jump.uasset" 2
"D:/GitRepos/UnrealHideAndSeekTag/MyProject/Content/Mannequin/Animations/ThirdPerson_Jump.uexp" 3
"D:/GitRepos/UnrealHideAndSeekTag/MyProject/Content/Mannequin/Animations/ThirdPersonIdle.uasset" 4
"D:/GitRepos/UnrealHideAndSeekTag/MyProject/Content/Mannequin/Animations/ThirdPersonIdle.uexp" 5
"D:/GitRepos/UnrealHideAndSeekTag/MyProject/Content/Mannequin/Animations/ThirdPersonWalk.uasset" 6
"D:/GitRepos/UnrealHideAndSeekTag/MyProject/Content/Mannequin/Animations/ThirdPersonWalk.uexp" 7
"D:/GitRepos/UnrealHideAndSeekTag/MyProject/Content/Mannequin/Animations/ThirdPersonRun.uasset" 8
"D:/GitRepos/UnrealHideAndSeekTag/MyProject/Content/Mannequin/Animations/ThirdPersonRun.uexp" 9
"D:/GitRepos/UnrealHideAndSeekTag/MyProject/Content/Mannequin/Animations/ThirdPerson_IdleRun_2D.uasset" 10
"D:/GitRepos/UnrealHideAndSeekTag/MyProject/Content/Mannequin/Animations/ThirdPerson_IdleRun_2D.uexp" 11
"../../../Engine/Content/EditorBlueprintResources/StandardMacros.uasset" 12
"../../../Engine/Content/EditorBlueprintResources/StandardMacros.uexp" 13
"D:/GitRepos/UnrealHideAndSeekTag/MyProject/Content/Mannequin/Animations/ThirdPersonJump_Loop.uasset" 14
"D:/GitRepos/UnrealHideAndSeekTag/MyProject/Content/Mannequin/Animations/ThirdPersonJump_Loop.uexp" 15
"D:/GitRepos/UnrealHideAndSeekTag/MyProject/Content/Mannequin/Animations/ThirdPersonJump_Start.uasset" 16
"D:/GitRepos/UnrealHideAndSeekTag/MyProject/Content/Mannequin/Animations/ThirdPersonJump_Start.uexp" 17
"D:/GitRepos/UnrealHideAndSeekTag/MyProject/Content/Mannequin/Animations/ThirdPerson_AnimBP.uasset" 18
"D:/GitRepos/UnrealHideAndSeekTag/MyProject/Content/Mannequin/Animations/ThirdPerson_AnimBP.uexp" 19
"D:/GitRepos/UnrealHideAndSeekTag/MyProject/Content/Mannequin/Character/Materials/MaterialLayers/T_ML_Aluminum01.uasset" 20
"D:/GitRepos/UnrealHideAndSeekTag/MyProject/Content/Mannequin/Character/Materials/MaterialLayers/T_ML_Aluminum01.uexp" 21
"D:/GitRepos/UnrealHideAndSeekTag/MyProject/Content/Mannequin/Character/Materials/MaterialLayers/T_ML_Aluminum01.ubulk" 22
"D:/GitRepos/UnrealHideAndSeekTag/MyProject/Content/Mannequin/Character/Materials/MaterialLayers/T_ML_Aluminum01_N.uasset" 23
"D:/GitRepos/UnrealHideAndSeekTag/MyProject/Content/Mannequin/Character/Materials/MaterialLayers/T_ML_Aluminum01_N.uexp" 24
"D:/GitRepos/UnrealHideAndSeekTag/MyProject/Content/Mannequin/Character/Materials/MaterialLayers/T_ML_Aluminum01_N.ubulk" 25
"D:/GitRepos/UnrealHideAndSeekTag/MyProject/Content/Mannequin/Character/Materials/MaterialLayers/T_ML_Rubber_Blue_01_D.uasset" 26
"D:/GitRepos/UnrealHideAndSeekTag/MyProject/Content/Mannequin/Character/Materials/MaterialLayers/T_ML_Rubber_Blue_01_D.uexp" 27
"D:/GitRepos/UnrealHideAndSeekTag/MyProject/Content/Mannequin/Character/Materials/MaterialLayers/T_ML_Rubber_Blue_01_D.ubulk" 28
"D:/GitRepos/UnrealHideAndSeekTag/MyProject/Content/Mannequin/Character/Materials/MaterialLayers/T_ML_Rubber_Blue_01_N.uasset" 29
"D:/GitRepos/UnrealHideAndSeekTag/MyProject/Content/Mannequin/Character/Materials/MaterialLayers/T_ML_Rubber_Blue_01_N.uexp" 30
"D:/GitRepos/UnrealHideAndSeekTag/MyProject/Content/Mannequin/Character/Materials/MaterialLayers/T_ML_Rubber_Blue_01_N.ubulk" 31
"D:/GitRepos/UnrealHideAndSeekTag/MyProject/Content/Mannequin/Character/Textures/T_Male_Mask.uasset" 32
"D:/GitRepos/UnrealHideAndSeekTag/MyProject/Content/Mannequin/Character/Textures/T_Male_Mask.uexp" 33
"D:/GitRepos/UnrealHideAndSeekTag/MyProject/Content/Mannequin/Character/Textures/T_Male_Mask.ubulk" 34
"D:/GitRepos/UnrealHideAndSeekTag/MyProject/Content/Mannequin/Character/Textures/T_Male_N.uasset" 35
"D:/GitRepos/UnrealHideAndSeekTag/MyProject/Content/Mannequin/Character/Textures/T_Male_N.uexp" 36
"D:/GitRepos/UnrealHideAndSeekTag/MyProject/Content/Mannequin/Character/Textures/T_Male_N.ubulk" 37
"D:/GitRepos/UnrealHideAndSeekTag/MyProject/Content/Mannequin/Character/Textures/T_UE4Logo_Mask.uasset" 38
"D:/GitRepos/UnrealHideAndSeekTag/MyProject/Content/Mannequin/Character/Textures/T_UE4Logo_Mask.uexp" 39
"D:/GitRepos/UnrealHideAndSeekTag/MyProject/Content/Mannequin/Character/Textures/T_UE4Logo_Mask.ubulk" 40
"D:/GitRepos/UnrealHideAndSeekTag/MyProject/Content/Mannequin/Character/Materials/MaterialLayers/ML_Plastic_Shiny_Beige_LOGO.uasset" 41
"D:/GitRepos/UnrealHideAndSeekTag/MyProject/Content/Mannequin/Character/Materials/MaterialLayers/ML_Plastic_Shiny_Beige_LOGO.uexp" 42
"D:/GitRepos/UnrealHideAndSeekTag/MyProject/Content/Mannequin/Character/Materials/MaterialLayers/ML_SoftMetal_UE4.uasset" 43
"D:/GitRepos/UnrealHideAndSeekTag/MyProject/Content/Mannequin/Character/Materials/MaterialLayers/ML_SoftMetal_UE4.uexp" 44
"../../../Engine/Content/Functions/Engine_MaterialFunctions02/Utility/BlendAngleCorrectedNormals.uasset" 45
"../../../Engine/Content/Functions/Engine_MaterialFunctions02/Utility/BlendAngleCorrectedNormals.uexp" 46
"../../../Engine/Content/Functions/MaterialLayerFunctions/MatLayerBlend_NormalBlend.uasset" 47
"../../../Engine/Content/Functions/MaterialLayerFunctions/MatLayerBlend_NormalBlend.uexp" 48
"../../../Engine/Content/Functions/MaterialLayerFunctions/MatLayerBlend_Simple.uasset" 49
"../../../Engine/Content/Functions/MaterialLayerFunctions/MatLayerBlend_Simple.uexp" 50
"D:/GitRepos/UnrealHideAndSeekTag/MyProject/Content/Mannequin/Character/Materials/MaterialLayers/ML_GlossyBlack_Latex_UE4.uasset" 51
"D:/GitRepos/UnrealHideAndSeekTag/MyProject/Content/Mannequin/Character/Materials/MaterialLayers/ML_GlossyBlack_Latex_UE4.uexp" 52
"D:/GitRepos/UnrealHideAndSeekTag/MyProject/Content/Mannequin/Character/Materials/MaterialLayers/ML_Plastic_Shiny_Beige.uasset" 53
"D:/GitRepos/UnrealHideAndSeekTag/MyProject/Content/Mannequin/Character/Materials/MaterialLayers/ML_Plastic_Shiny_Beige.uexp" 54
"D:/GitRepos/UnrealHideAndSeekTag/MyProject/Content/Mannequin/Character/Materials/M_Male_Body.uasset" 55
"D:/GitRepos/UnrealHideAndSeekTag/MyProject/Content/Mannequin/Character/Materials/M_Male_Body.uexp" 56
"D:/GitRepos/UnrealHideAndSeekTag/MyProject/Content/Mannequin/Character/Textures/T_UE4Logo_N.uasset" 57
"D:/GitRepos/UnrealHideAndSeekTag/MyProject/Content/Mannequin/Character/Textures/T_UE4Logo_N.uexp" 58
"D:/GitRepos/UnrealHideAndSeekTag/MyProject/Content/Mannequin/Character/Textures/T_UE4Logo_N.ubulk" 59
"D:/GitRepos/UnrealHideAndSeekTag/MyProject/Content/Mannequin/Character/Materials/M_UE4Man_ChestLogo.uasset" 60
"D:/GitRepos/UnrealHideAndSeekTag/MyProject/Content/Mannequin/Character/Materials/M_UE4Man_ChestLogo.uexp" 61
"D:/GitRepos/UnrealHideAndSeekTag/MyProject/Content/Mannequin/Character/Mesh/SK_Mannequin_PhysicsAsset.uasset" 62
"D:/GitRepos/UnrealHideAndSeekTag/MyProject/Content/Mannequin/Character/Mesh/SK_Mannequin_PhysicsAsset.uexp" 63
"D:/GitRepos/UnrealHideAndSeekTag/MyProject/Content/Mannequin/Character/Mesh/SK_Mannequin.uasset" 64
"D:/GitRepos/UnrealHideAndSeekTag/MyProject/Content/Mannequin/Character/Mesh/SK_Mannequin.uexp" 65
"D:/GitRepos/UnrealHideAndSeekTag/MyProject/Content/Code_And_Blueprints/ThirdPersonCharacter.uasset" 66
"D:/GitRepos/UnrealHideAndSeekTag/MyProject/Content/Code_And_Blueprints/ThirdPersonCharacter.uexp" 67
"D:/GitRepos/UnrealHideAndSeekTag/MyProject/Content/OnlineBasicCode/GS_Tag.uasset" 68
"D:/GitRepos/UnrealHideAndSeekTag/MyProject/Content/OnlineBasicCode/GS_Tag.uexp" 69
"D:/GitRepos/UnrealHideAndSeekTag/MyProject/Content/OnlineBasicCode/Tag_PS.uasset" 70
"D:/GitRepos/UnrealHideAndSeekTag/MyProject/Content/OnlineBasicCode/Tag_PS.uexp" 71
"D:/GitRepos/UnrealHideAndSeekTag/MyProject/Content/OnlineBasicCode/Tag_GM.uasset" 72
"D:/GitRepos/UnrealHideAndSeekTag/MyProject/Content/OnlineBasicCode/Tag_GM.uexp" 73
"D:/GitRepos/UnrealHideAndSeekTag/MyProject/Content/OnlineBasicCode/W_Countdown.uasset" 74
"D:/GitRepos/UnrealHideAndSeekTag/MyProject/Content/OnlineBasicCode/W_Countdown.uexp" 75
"D:/GitRepos/UnrealHideAndSeekTag/MyProject/Content/OnlineBasicCode/Tag_PC.uasset" 76
"D:/GitRepos/UnrealHideAndSeekTag/MyProject/Content/OnlineBasicCode/Tag_PC.uexp" 77
"D:/GitRepos/UnrealHideAndSeekTag/MyProject/Content/Code_And_Blueprints/ThirdPersonGameMode.uasset" 78
"D:/GitRepos/UnrealHideAndSeekTag/MyProject/Content/Code_And_Blueprints/ThirdPersonGameMode.uexp" 79
"../../../Engine/Content/Animation/DefaultAnimBoneCompressionSettings.uasset" 80
"../../../Engine/Content/Animation/DefaultAnimBoneCompressionSettings.uexp" 81
"../../../Engine/Content/Animation/DefaultAnimCurveCompressionSettings.uasset" 82
"../../../Engine/Content/Animation/DefaultAnimCurveCompressionSettings.uexp" 83
"../../../Engine/Content/Functions/Engine_MaterialFunctions01/Opacity/CameraDepthFade.uasset" 84
"../../../Engine/Content/Functions/Engine_MaterialFunctions01/Opacity/CameraDepthFade.uexp" 85
"../../../Engine/Content/EngineMaterials/T_Default_Material_Grid_M.uasset" 86
"../../../Engine/Content/EngineMaterials/T_Default_Material_Grid_M.uexp" 87
"../../../Engine/Content/EngineMaterials/T_Default_Material_Grid_M.ubulk" 88
"../../../Engine/Content/EngineMaterials/T_Default_Material_Grid_N.uasset" 89
"../../../Engine/Content/EngineMaterials/T_Default_Material_Grid_N.uexp" 90
"../../../Engine/Content/EngineMaterials/T_Default_Material_Grid_N.ubulk" 91
"../../../Engine/Content/EngineMaterials/WorldGridMaterial.uasset" 92
"../../../Engine/Content/EngineMaterials/WorldGridMaterial.uexp" 93
"../../../Engine/Content/ArtTools/RenderToTexture/Meshes/S_1_Unit_Plane.uasset" 94
"../../../Engine/Content/ArtTools/RenderToTexture/Meshes/S_1_Unit_Plane.uexp" 95
"../../../Engine/Content/ArtTools/RenderToTexture/Meshes/S_1_Unit_Plane.ubulk" 96
"../../../Engine/Content/EngineMaterials/DefaultMaterial.uasset" 97
"../../../Engine/Content/EngineMaterials/DefaultMaterial.uexp" 98
"../../../Engine/Content/BasicShapes/Cone.uasset" 99
"../../../Engine/Content/BasicShapes/Cone.uexp" 100
"../../../Engine/Content/BasicShapes/Cone.ubulk" 101
"../../../Engine/Content/BasicShapes/Plane.uasset" 102
"../../../Engine/Content/BasicShapes/Plane.uexp" 103
"../../../Engine/Content/BasicShapes/Plane.ubulk" 104
"../../../Engine/Content/BasicShapes/Sphere.uasset" 105
"../../../Engine/Content/BasicShapes/Sphere.uexp" 106
"../../../Engine/Content/BasicShapes/Sphere.ubulk" 107
"../../../Engine/Content/EditorLandscapeResources/DataLayer.uasset" 108
"../../../Engine/Content/EditorLandscapeResources/DataLayer.uexp" 109
"../../../Engine/Content/EditorLandscapeResources/DefaultAlphaTexture.uasset" 110
"../../../Engine/Content/EditorLandscapeResources/DefaultAlphaTexture.uexp" 111
"../../../Engine/Content/EditorMaterials/MAT_Groups_Toggle.uasset" 112
"../../../Engine/Content/EditorMaterials/MAT_Groups_Toggle.uexp" 113
"../../../Engine/Content/EditorMaterials/MAT_Groups_Visibility.uasset" 114
"../../../Engine/Content/EditorMaterials/MAT_Groups_Visibility.uexp" 115
"../../../Engine/Content/EditorMaterials/PreviewShadowIndicator.uasset" 116
"../../../Engine/Content/EditorMaterials/PreviewShadowIndicator.uexp" 117
"../../../Engine/Content/EditorMaterials/PreviewShadowIndicator.ubulk" 118
"../../../Engine/Content/EditorMaterials/PreviewShadowIndicatorMaterial.uasset" 119
"../../../Engine/Content/EditorMaterials/PreviewShadowIndicatorMaterial.uexp" 120
"../../../Engine/Content/EditorMaterials/MatineeGroups/MAT_ColorTrack.uasset" 121
"../../../Engine/Content/EditorMaterials/MatineeGroups/MAT_ColorTrack.uexp" 122
"../../../Engine/Content/EditorMaterials/MatineeGroups/MAT_Groups_Anim.uasset" 123
"../../../Engine/Content/EditorMaterials/MatineeGroups/MAT_Groups_Anim.uexp" 124
"../../../Engine/Content/EditorMaterials/MatineeGroups/MAT_Groups_AudioMaster.uasset" 125
"../../../Engine/Content/EditorMaterials/MatineeGroups/MAT_Groups_AudioMaster.uexp" 126
"../../../Engine/Content/EditorMaterials/MatineeGroups/MAT_Groups_Director.uasset" 127
"../../../Engine/Content/EditorMaterials/MatineeGroups/MAT_Groups_Director.uexp" 128
"../../../Engine/Content/EditorMaterials/MatineeGroups/MAT_Groups_Event.uasset" 129
"../../../Engine/Content/EditorMaterials/MatineeGroups/MAT_Groups_Event.uexp" 130
"../../../Engine/Content/EditorMaterials/MatineeGroups/MAT_Groups_Fade.uasset" 131
"../../../Engine/Content/EditorMaterials/MatineeGroups/MAT_Groups_Fade.uexp" 132
"../../../Engine/Content/EditorMaterials/MatineeGroups/MAT_Groups_Float.uasset" 133
"../../../Engine/Content/EditorMaterials/MatineeGroups/MAT_Groups_Float.uexp" 134
"../../../Engine/Content/EditorMaterials/MatineeGroups/MAT_Groups_Move.uasset" 135
"../../../Engine/Content/EditorMaterials/MatineeGroups/MAT_Groups_Move.uexp" 136
"../../../Engine/Content/EditorMaterials/MatineeGroups/MAT_Groups_Slomo.uasset" 137
"../../../Engine/Content/EditorMaterials/MatineeGroups/MAT_Groups_Slomo.uexp" 138
"../../../Engine/Content/EditorMaterials/MatineeGroups/MAT_Groups_Sound.uasset" 139
"../../../Engine/Content/EditorMaterials/MatineeGroups/MAT_Groups_Sound.uexp" 140
"../../../Engine/Content/EditorMaterials/MatineeGroups/MAT_Groups_Vector.uasset" 141
"../../../Engine/Content/EditorMaterials/MatineeGroups/MAT_Groups_Vector.uexp" 142
"../../../Engine/Content/EditorMaterials/ParticleSystems/PSysThumbnail_NoImage.uasset" 143
"../../../Engine/Content/EditorMaterials/ParticleSystems/PSysThumbnail_NoImage.uexp" 144
"../../../Engine/Content/EditorMaterials/ParticleSystems/PSysThumbnail_NoImage.ubulk" 145
"../../../Engine/Content/EditorMaterials/ParticleSystems/PSysThumbnail_OOD.uasset" 146
"../../../Engine/Content/EditorMaterials/ParticleSystems/PSysThumbnail_OOD.uexp" 147
"../../../Engine/Content/EditorMaterials/ParticleSystems/PSysThumbnail_OOD.ubulk" 148
"../../../Engine/Content/Functions/Engine_MaterialFunctions02/Utility/BreakOutFloat3Components.uasset" 149
"../../../Engine/Content/Functions/Engine_MaterialFunctions02/Utility/BreakOutFloat3Components.uexp" 150
"../../../Engine/Content/Functions/Engine_MaterialFunctions02/Utility/MakeFloat3.uasset" 151
"../../../Engine/Content/Functions/Engine_MaterialFunctions02/Utility/MakeFloat3.uexp" 152
"../../../Engine/Content/Functions/Engine_MaterialFunctions02/Utility/MakeFloat4.uasset" 153
"../../../Engine/Content/Functions/Engine_MaterialFunctions02/Utility/MakeFloat4.uexp" 154
"../../../Engine/Content/EditorMaterials/WorldPartition/WorldPartitionSpatialHashGridPreviewMaterial.uasset" 155
"../../../Engine/Content/EditorMaterials/WorldPartition/WorldPartitionSpatialHashGridPreviewMaterial.uexp" 156
"../../../Engine/Content/EditorMaterials/Camera/CineMat.uasset" 157
"../../../Engine/Content/EditorMaterials/Camera/CineMat.uexp" 158
"../../../Engine/Content/EditorMaterials/Camera/MI_CineMat_Rig.uasset" 159
"../../../Engine/Content/EditorMaterials/Camera/MI_CineMat_Rig.uexp" 160
"../../../Engine/Content/EditorMeshes/Camera/SM_CraneRig_Arm.uasset" 161
"../../../Engine/Content/EditorMeshes/Camera/SM_CraneRig_Arm.uexp" 162
"../../../Engine/Content/EditorMeshes/Camera/SM_CraneRig_Arm.ubulk" 163
"../../../Engine/Content/EditorMeshes/Camera/SM_CraneRig_Base.uasset" 164
"../../../Engine/Content/EditorMeshes/Camera/SM_CraneRig_Base.uexp" 165
"../../../Engine/Content/EditorMeshes/Camera/SM_CraneRig_Base.ubulk" 166
"../../../Engine/Content/EditorMeshes/Camera/SM_CraneRig_Body.uasset" 167
"../../../Engine/Content/EditorMeshes/Camera/SM_CraneRig_Body.uexp" 168
"../../../Engine/Content/EditorMeshes/Camera/SM_CraneRig_Body.ubulk" 169
"../../../Engine/Content/EditorMeshes/Camera/SM_CraneRig_Mount.uasset" 170
"../../../Engine/Content/EditorMeshes/Camera/SM_CraneRig_Mount.uexp" 171
"../../../Engine/Content/EditorMeshes/Camera/SM_CraneRig_Mount.ubulk" 172
"../../../Engine/Content/EditorMeshes/Camera/SM_RailRig_Mount.uasset" 173
"../../../Engine/Content/EditorMeshes/Camera/SM_RailRig_Mount.uexp" 174
"../../../Engine/Content/EditorMeshes/Camera/SM_RailRig_Mount.ubulk" 175
"../../../Engine/Content/EditorMeshes/Camera/SM_RailRig_Track.uasset" 176
"../../../Engine/Content/EditorMeshes/Camera/SM_RailRig_Track.uexp" 177
"../../../Engine/Content/EditorMeshes/Camera/SM_RailRig_Track.ubulk" 178
"../../../Engine/Content/EditorResources/BSPVertex.uasset" 179
"../../../Engine/Content/EditorResources/BSPVertex.uexp" 180
"../../../Engine/Content/EditorResources/EmptyActor.uasset" 181
"../../../Engine/Content/EditorResources/EmptyActor.uexp" 182
"../../../Engine/Content/EditorResources/S_Actor.uasset" 183
"../../../Engine/Content/EditorResources/S_Actor.uexp" 184
"../../../Engine/Content/EditorResources/S_Actor.ubulk" 185
"../../../Engine/Content/EditorResources/S_BoxReflectionCapture.uasset" 186
"../../../Engine/Content/EditorResources/S_BoxReflectionCapture.uexp" 187
"../../../Engine/Content/EditorResources/S_Note.uasset" 188
"../../../Engine/Content/EditorResources/S_Note.uexp" 189
"../../../Engine/Content/EditorResources/S_Solver.uasset" 190
"../../../Engine/Content/EditorResources/S_Solver.uexp" 191
"../../../Engine/Content/EditorResources/S_Solver.ubulk" 192
"../../../Engine/Content/EditorResources/S_Terrain.uasset" 193
"../../../Engine/Content/EditorResources/S_Terrain.uexp" 194
"../../../Engine/Content/EditorResources/S_Terrain.ubulk" 195
"../../../Engine/Content/EditorResources/S_Trigger.uasset" 196
"../../../Engine/Content/EditorResources/S_Trigger.uexp" 197
"../../../Engine/Content/EditorResources/S_Trigger.ubulk" 198
"../../../Engine/Content/EditorResources/S_TriggerBox.uasset" 199
"../../../Engine/Content/EditorResources/S_TriggerBox.uexp" 200
"../../../Engine/Content/EditorResources/S_TriggerCapsule.uasset" 201
"../../../Engine/Content/EditorResources/S_TriggerCapsule.uexp" 202
"../../../Engine/Content/EditorResources/S_TriggerSphere.uasset" 203
"../../../Engine/Content/EditorResources/S_TriggerSphere.uexp" 204
"../../../Engine/Content/EditorResources/LightIcons/S_LightError.uasset" 205
"../../../Engine/Content/EditorResources/LightIcons/S_LightError.uexp" 206
"../../../Engine/Content/EditorResources/SequenceRecorder/Countdown.uasset" 207
"../../../Engine/Content/EditorResources/SequenceRecorder/Countdown.uexp" 208
"../../../Engine/Content/EditorResources/SequenceRecorder/RecordingIndicator.uasset" 209
"../../../Engine/Content/EditorResources/SequenceRecorder/RecordingIndicator.uexp" 210
"../../../Engine/Content/EngineDamageTypes/DmgTypeBP_Environmental.uasset" 211
"../../../Engine/Content/EngineDamageTypes/DmgTypeBP_Environmental.uexp" 212
"../../../Engine/Content/EngineDebugMaterials/DebugEditorMaterial.uasset" 213
"../../../Engine/Content/EngineDebugMaterials/DebugEditorMaterial.uexp" 214
"../../../Engine/Content/EngineDebugMaterials/DebugMeshMaterial.uasset" 215
"../../../Engine/Content/EngineDebugMaterials/DebugMeshMaterial.uexp" 216
"../../../Engine/Content/EngineDebugMaterials/M_SimpleUnlitTranslucent.uasset" 217
"../../../Engine/Content/EngineDebugMaterials/M_SimpleUnlitTranslucent.uexp" 218
"../../../Engine/Content/Functions/Engine_MaterialFunctions02/Utility/CameraDirectionVector.uasset" 219
"../../../Engine/Content/Functions/Engine_MaterialFunctions02/Utility/CameraDirectionVector.uexp" 220
"../../../Engine/Content/EngineDebugMaterials/VolumeToRender.uasset" 221
"../../../Engine/Content/EngineDebugMaterials/VolumeToRender.uexp" 222
"../../../Engine/Content/EngineDebugMaterials/M_VolumeRenderSphereTracePP.uasset" 223
"../../../Engine/Content/EngineDebugMaterials/M_VolumeRenderSphereTracePP.uexp" 224
"../../../Engine/Content/Functions/Engine_MaterialFunctions01/Shading/ConvertFromDiffSpec.uasset" 225
"../../../Engine/Content/Functions/Engine_MaterialFunctions01/Shading/ConvertFromDiffSpec.uexp" 226
"../../../Engine/Content/EngineDebugMaterials/VertexColorMaterial.uasset" 227
"../../../Engine/Content/EngineDebugMaterials/VertexColorMaterial.uexp" 228
"../../../Engine/Content/EngineDebugMaterials/WireframeMaterial.uasset" 229
"../../../Engine/Content/EngineDebugMaterials/WireframeMaterial.uexp" 230
"../../../Engine/Content/EngineFonts/Faces/RobotoLight.uasset" 231
"../../../Engine/Content/EngineFonts/Faces/RobotoLight.uexp" 232
"../../../Engine/Content/EngineFonts/Faces/RobotoLight.ufont" 233
"../../../Engine/Content/EngineFonts/Faces/DroidSansFallback.uasset" 234
"../../../Engine/Content/EngineFonts/Faces/DroidSansFallback.uexp" 235
"../../../Engine/Content/EngineFonts/Faces/DroidSansFallback.ufont" 236
"../../../Engine/Content/EngineFonts/Faces/RobotoBold.uasset" 237
"../../../Engine/Content/EngineFonts/Faces/RobotoBold.uexp" 238
"../../../Engine/Content/EngineFonts/Faces/RobotoBold.ufont" 239
"../../../Engine/Content/EngineFonts/Faces/RobotoBoldItalic.uasset" 240
"../../../Engine/Content/EngineFonts/Faces/RobotoBoldItalic.uexp" 241
"../../../Engine/Content/EngineFonts/Faces/RobotoBoldItalic.ufont" 242
"../../../Engine/Content/EngineFonts/Faces/RobotoItalic.uasset" 243
"../../../Engine/Content/EngineFonts/Faces/RobotoItalic.uexp" 244
"../../../Engine/Content/EngineFonts/Faces/RobotoItalic.ufont" 245
"../../../Engine/Content/EngineFonts/Faces/RobotoRegular.uasset" 246
"../../../Engine/Content/EngineFonts/Faces/RobotoRegular.uexp" 247
"../../../Engine/Content/EngineFonts/Faces/RobotoRegular.ufont" 248
"../../../Engine/Content/EngineFonts/Roboto.uasset" 249
"../../../Engine/Content/EngineFonts/Roboto.uexp" 250
"../../../Engine/Content/EngineMaterials/BaseFlattenDiffuseMap.uasset" 251
"../../../Engine/Content/EngineMaterials/BaseFlattenDiffuseMap.uexp" 252
"../../../Engine/Content/EngineMaterials/BaseFlattenEmissiveMap.uasset" 253
"../../../Engine/Content/EngineMaterials/BaseFlattenEmissiveMap.uexp" 254
"../../../Engine/Content/EngineMaterials/BaseFlattenGrayscaleMap.uasset" 255
"../../../Engine/Content/EngineMaterials/BaseFlattenGrayscaleMap.uexp" 256
"../../../Engine/Content/EngineMaterials/BaseFlattenNormalMap.uasset" 257
"../../../Engine/Content/EngineMaterials/BaseFlattenNormalMap.uexp" 258
"../../../Engine/Content/EngineMaterials/BaseFlattenMaterial.uasset" 259
"../../../Engine/Content/EngineMaterials/BaseFlattenMaterial.uexp" 260
"../../../Engine/Content/EngineMaterials/BaseFlattenNormalMap_VT.uasset" 261
"../../../Engine/Content/EngineMaterials/BaseFlattenNormalMap_VT.uexp" 262
"../../../Engine/Content/EngineMaterials/BaseFlattenDiffuseMap_VT.uasset" 263
"../../../Engine/Content/EngineMaterials/BaseFlattenDiffuseMap_VT.uexp" 264
"../../../Engine/Content/EngineMaterials/BaseFlattenEmissiveMap_VT.uasset" 265
"../../../Engine/Content/EngineMaterials/BaseFlattenEmissiveMap_VT.uexp" 266
"../../../Engine/Content/EngineMaterials/BaseFlattenGrayscaleMap_VT.uasset" 267
"../../../Engine/Content/EngineMaterials/BaseFlattenGrayscaleMap_VT.uexp" 268
"../../../Engine/Content/EngineMaterials/BaseFlattenMaterial_VT.uasset" 269
"../../../Engine/Content/EngineMaterials/BaseFlattenMaterial_VT.uexp" 270
"../../../Engine/Content/EngineMaterials/BlueNoise.uasset" 271
"../../../Engine/Content/EngineMaterials/BlueNoise.uexp" 272
"../../../Engine/Content/EngineMaterials/DefaultBloomKernel.uasset" 273
"../../../Engine/Content/EngineMaterials/DefaultBloomKernel.uexp" 274
"../../../Engine/Content/EngineMaterials/DefaultBokeh.uasset" 275
"../../../Engine/Content/EngineMaterials/DefaultBokeh.uexp" 276
"../../../Engine/Content/EngineMaterials/DefaultDiffuse.uasset" 277
"../../../Engine/Content/EngineMaterials/DefaultDiffuse.uexp" 278
"../../../Engine/Content/EngineMaterials/DefaultDiffuse.ubulk" 279
"../../../Engine/Content/EngineMaterials/DefaultDeferredDecalMaterial.uasset" 280
"../../../Engine/Content/EngineMaterials/DefaultDeferredDecalMaterial.uexp" 281
"../../../Engine/Content/EngineMaterials/DefaultLightFunctionMaterial.uasset" 282
"../../../Engine/Content/EngineMaterials/DefaultLightFunctionMaterial.uexp" 283
"../../../Engine/Content/EngineMaterials/DefaultPhysicalMaterial.uasset" 284
"../../../Engine/Content/EngineMaterials/DefaultPhysicalMaterial.uexp" 285
"../../../Engine/Content/Functions/Engine_MaterialFunctions02/Utility/BreakOutFloat2Components.uasset" 286
"../../../Engine/Content/Functions/Engine_MaterialFunctions02/Utility/BreakOutFloat2Components.uexp" 287
"../../../Engine/Content/EngineMaterials/DefaultPostProcessMaterial.uasset" 288
"../../../Engine/Content/EngineMaterials/DefaultPostProcessMaterial.uexp" 289
"../../../Engine/Content/EngineFonts/RobotoDistanceField.uasset" 290
"../../../Engine/Content/EngineFonts/RobotoDistanceField.uexp" 291
"../../../Engine/Content/EngineMaterials/DefaultTextMaterialOpaque.uasset" 292
"../../../Engine/Content/EngineMaterials/DefaultTextMaterialOpaque.uexp" 293
"../../../Engine/Content/EngineMaterials/DefaultWhiteGrid.uasset" 294
"../../../Engine/Content/EngineMaterials/DefaultWhiteGrid.uexp" 295
"../../../Engine/Content/EngineMaterials/DefaultWhiteGrid.ubulk" 296
"../../../Engine/Content/EngineMaterials/DefaultWhiteGrid_Low.uasset" 297
"../../../Engine/Content/EngineMaterials/DefaultWhiteGrid_Low.uexp" 298
"../../../Engine/Content/EngineMaterials/EmissiveMeshMaterial.uasset" 299
"../../../Engine/Content/EngineMaterials/EmissiveMeshMaterial.uexp" 300
"../../../Engine/Content/EngineMaterials/GizmoMaterial.uasset" 301
"../../../Engine/Content/EngineMaterials/GizmoMaterial.uexp" 302
"../../../Engine/Content/EngineMaterials/Good64x64TilingNoiseHighFreq.uasset" 303
"../../../Engine/Content/EngineMaterials/Good64x64TilingNoiseHighFreq.uexp" 304
"../../../Engine/Content/EngineMaterials/MiniFont.uasset" 305
"../../../Engine/Content/EngineMaterials/MiniFont.uexp" 306
"../../../Engine/Content/EngineMaterials/InvalidLightmapSettings.uasset" 307
"../../../Engine/Content/EngineMaterials/InvalidLightmapSettings.uexp" 308
"../../../Engine/Content/EngineMaterials/InvalidLightmapSettings.ubulk" 309
"../../../Engine/Content/EngineMaterials/M_InvalidLightmapSettings.uasset" 310
"../../../Engine/Content/EngineMaterials/M_InvalidLightmapSettings.uexp" 311
"../../../Engine/Content/Functions/Engine_MaterialFunctions02/WorldPositionOffset/CameraOffset.uasset" 312
"../../../Engine/Content/Functions/Engine_MaterialFunctions02/WorldPositionOffset/CameraOffset.uexp" 313
"../../../Engine/Content/EngineMaterials/PhAT_JointLimitMaterial.uasset" 314
"../../../Engine/Content/EngineMaterials/PhAT_JointLimitMaterial.uexp" 315
"../../../Engine/Content/EngineMaterials/PreintegratedSkinBRDF.uasset" 316
"../../../Engine/Content/EngineMaterials/PreintegratedSkinBRDF.uexp" 317
"../../../Engine/Content/EngineMaterials/RemoveSurfaceMaterial.uasset" 318
"../../../Engine/Content/EngineMaterials/RemoveSurfaceMaterial.uexp" 319
"../../../Engine/Content/EngineMaterials/WeightMapPlaceholderTexture.uasset" 320
"../../../Engine/Content/EngineMaterials/WeightMapPlaceholderTexture.uexp" 321
"../../../Engine/Content/EngineResources/WhiteSquareTexture.uasset" 322
"../../../Engine/Content/EngineResources/WhiteSquareTexture.uexp" 323
"../../../Engine/Content/EngineMaterials/Widget3DPassThrough.uasset" 324
"../../../Engine/Content/EngineMaterials/Widget3DPassThrough.uexp" 325
"../../../Engine/Content/EngineMaterials/Widget3DPassThrough_Masked.uasset" 326
"../../../Engine/Content/EngineMaterials/Widget3DPassThrough_Masked.uexp" 327
"../../../Engine/Content/EngineMaterials/Widget3DPassThrough_Opaque.uasset" 328
"../../../Engine/Content/EngineMaterials/Widget3DPassThrough_Opaque.uexp" 329
"../../../Engine/Content/EngineMaterials/Widget3DPassThrough_Masked_OneSided.uasset" 330
"../../../Engine/Content/EngineMaterials/Widget3DPassThrough_Masked_OneSided.uexp" 331
"../../../Engine/Content/EngineMaterials/Widget3DPassThrough_Opaque_OneSided.uasset" 332
"../../../Engine/Content/EngineMaterials/Widget3DPassThrough_Opaque_OneSided.uexp" 333
"../../../Engine/Content/EngineMaterials/Widget3DPassThrough_Translucent.uasset" 334
"../../../Engine/Content/EngineMaterials/Widget3DPassThrough_Translucent.uexp" 335
"../../../Engine/Content/EngineMaterials/Widget3DPassThrough_Translucent_OneSided.uasset" 336
"../../../Engine/Content/EngineMaterials/Widget3DPassThrough_Translucent_OneSided.uexp" 337
"../../../Engine/Content/EngineMeshes/Sphere.uasset" 338
"../../../Engine/Content/EngineMeshes/Sphere.uexp" 339
"../../../Engine/Content/EngineMeshes/Sphere.ubulk" 340
"../../../Engine/Content/EngineResources/Black.uasset" 341
"../../../Engine/Content/EngineResources/Black.uexp" 342
"../../../Engine/Content/EngineResources/DefaultTextureCube.uasset" 343
"../../../Engine/Content/EngineResources/DefaultTextureCube.uexp" 344
"../../../Engine/Content/EngineResources/DefaultVolumeTexture2D.uasset" 345
"../../../Engine/Content/EngineResources/DefaultVolumeTexture2D.uexp" 346
"../../../Engine/Content/EngineResources/DefaultVolumeTexture.uasset" 347
"../../../Engine/Content/EngineResources/DefaultVolumeTexture.uexp" 348
"../../../Engine/Content/EngineResources/GradientTexture0.uasset" 349
"../../../Engine/Content/EngineResources/GradientTexture0.uexp" 350
"../../../Engine/Content/EngineSky/VolumetricClouds/CloudGradientTexture.uasset" 351
"../../../Engine/Content/EngineSky/VolumetricClouds/CloudGradientTexture.uexp" 352
"../../../Engine/Content/EngineSky/VolumetricClouds/CloudWeatherTexture.uasset" 353
"../../../Engine/Content/EngineSky/VolumetricClouds/CloudWeatherTexture.uexp" 354
"../../../Engine/Content/Functions/Engine_MaterialFunctions02/Utility/MakeFloat2.uasset" 355
"../../../Engine/Content/Functions/Engine_MaterialFunctions02/Utility/MakeFloat2.uexp" 356
"../../../Engine/Content/EngineSky/VolumetricClouds/T_NoiseErosion.uasset" 357
"../../../Engine/Content/EngineSky/VolumetricClouds/T_NoiseErosion.uexp" 358
"../../../Engine/Content/EngineSky/VolumetricClouds/T_NoiseErosion.ubulk" 359
"../../../Engine/Content/EngineSky/VolumetricClouds/T_VolumeNoiseErosion32.uasset" 360
"../../../Engine/Content/EngineSky/VolumetricClouds/T_VolumeNoiseErosion32.uexp" 361
"../../../Engine/Content/EngineSky/VolumetricClouds/T_NoiseShape64.uasset" 362
"../../../Engine/Content/EngineSky/VolumetricClouds/T_NoiseShape64.uexp" 363
"../../../Engine/Content/EngineSky/VolumetricClouds/T_NoiseShape64.ubulk" 364
"../../../Engine/Content/EngineSky/VolumetricClouds/T_VolumeNoiseShape64.uasset" 365
"../../../Engine/Content/EngineSky/VolumetricClouds/T_VolumeNoiseShape64.uexp" 366
"../../../Engine/Content/EngineSky/VolumetricClouds/m_SimpleVolumetricCloud.uasset" 367
"../../../Engine/Content/EngineSky/VolumetricClouds/m_SimpleVolumetricCloud.uexp" 368
"../../../Engine/Content/EngineSky/VolumetricClouds/m_SimpleVolumetricCloud_Inst.uasset" 369
"../../../Engine/Content/EngineSky/VolumetricClouds/m_SimpleVolumetricCloud_Inst.uexp" 370
"../../../Engine/Content/EngineSounds/Master.uasset" 371
"../../../Engine/Content/EngineSounds/Master.uexp" 372
"../../../Engine/Content/Functions/Engine_MaterialFunctions01/Shading/PowerToRoughness.uasset" 373
"../../../Engine/Content/Functions/Engine_MaterialFunctions01/Shading/PowerToRoughness.uexp" 374
"../../../Engine/Content/Maps/Templates/Thumbnails/Default.uasset" 375
"../../../Engine/Content/Maps/Templates/Thumbnails/Default.uexp" 376
"../../../Engine/Content/Maps/Templates/Thumbnails/TimeOfDay.uasset" 377
"../../../Engine/Content/Maps/Templates/Thumbnails/TimeOfDay.uexp" 378
"../../../Engine/Content/Maps/Templates/Thumbnails/VR-Basic.uasset" 379
"../../../Engine/Content/Maps/Templates/Thumbnails/VR-Basic.uexp" 380
"../../../Engine/Content/MobileResources/T_MobileControls_texture.uasset" 381
"../../../Engine/Content/MobileResources/T_MobileControls_texture.uexp" 382
"../../../Engine/Content/MobileResources/T_MobileMenu2.uasset" 383
"../../../Engine/Content/MobileResources/T_MobileMenu2.uexp" 384
"../../../Engine/Content/MobileResources/HUD/AnalogHat.uasset" 385
"../../../Engine/Content/MobileResources/HUD/AnalogHat.uexp" 386
"../../../Engine/Content/MobileResources/HUD/VirtualJoystick_Background.uasset" 387
"../../../Engine/Content/MobileResources/HUD/VirtualJoystick_Background.uexp" 388
"../../../Engine/Content/MobileResources/HUD/VirtualJoystick_Thumb.uasset" 389
"../../../Engine/Content/MobileResources/HUD/VirtualJoystick_Thumb.uexp" 390
"../../../Engine/Content/MobileResources/HUD/DefaultVirtualJoysticks.uasset" 391
"../../../Engine/Content/MobileResources/HUD/DefaultVirtualJoysticks.uexp" 392
"../../../Engine/Content/MobileResources/HUD/LeftVirtualJoystickOnly.uasset" 393
"../../../Engine/Content/MobileResources/HUD/LeftVirtualJoystickOnly.uexp" 394
"../../../Engine/Content/MobileResources/HUD/MobileHUDButton1_off.uasset" 395
"../../../Engine/Content/MobileResources/HUD/MobileHUDButton1_off.uexp" 396
"../../../Engine/Content/MobileResources/HUD/MobileHUDButton1_on.uasset" 397
"../../../Engine/Content/MobileResources/HUD/MobileHUDButton1_on.uexp" 398
"../../../Engine/Content/MobileResources/HUD/MobileHUDButton2_off.uasset" 399
"../../../Engine/Content/MobileResources/HUD/MobileHUDButton2_off.uexp" 400
"../../../Engine/Content/MobileResources/HUD/MobileHUDButton2_on.uasset" 401
"../../../Engine/Content/MobileResources/HUD/MobileHUDButton2_on.uexp" 402
"../../../Engine/Content/MobileResources/HUD/MobileHUDButton3.uasset" 403
"../../../Engine/Content/MobileResources/HUD/MobileHUDButton3.uexp" 404
"../../../Engine/Content/MobileResources/HUD/MobileHUDButtonFire.uasset" 405
"../../../Engine/Content/MobileResources/HUD/MobileHUDButtonFire.uexp" 406
"../../../Engine/Content/MobileResources/HUD/MobileHUDDirectionPad.uasset" 407
"../../../Engine/Content/MobileResources/HUD/MobileHUDDirectionPad.uexp" 408
"../../../Engine/Content/MobileResources/HUD/MobileHUDDirectionPad2.uasset" 409
"../../../Engine/Content/MobileResources/HUD/MobileHUDDirectionPad2.uexp" 410
"../../../Engine/Content/MobileResources/HUD/MobileHUDDirectionPad3.uasset" 411
"../../../Engine/Content/MobileResources/HUD/MobileHUDDirectionPad3.uexp" 412
"../../../Engine/Content/MobileResources/HUD/MobileHUDDirectionStick.uasset" 413
"../../../Engine/Content/MobileResources/HUD/MobileHUDDirectionStick.uexp" 414
"../../../Engine/Content/MobileResources/HUD/T_Castle_ThumbstickInner.uasset" 415
"../../../Engine/Content/MobileResources/HUD/T_Castle_ThumbstickInner.uexp" 416
"../../../Engine/Content/MobileResources/HUD/T_Castle_ThumbstickOutter.uasset" 417
"../../../Engine/Content/MobileResources/HUD/T_Castle_ThumbstickOutter.uexp" 418
"../../../Engine/Content/Tutorial/ContentIntroCurve.uasset" 419
"../../../Engine/Content/Tutorial/ContentIntroCurve.uexp" 420
"../../../Engine/Content/VREditor/LaserPointer/VR_LaserPower_01.uasset" 421
"../../../Engine/Content/VREditor/LaserPointer/VR_LaserPower_01.uexp" 422
"../../../Engine/Content/VREditor/LaserPointer/VR_LaserPower_01.ubulk" 423
"../../../Engine/Content/VREditor/TransformGizmo/TransformGizmoMaterial.uasset" 424
"../../../Engine/Content/VREditor/TransformGizmo/TransformGizmoMaterial.uexp" 425
"../../../Engine/Content/VREditor/TransformGizmo/TranslucentTransformGizmoMaterial.uasset" 426
"../../../Engine/Content/VREditor/TransformGizmo/TranslucentTransformGizmoMaterial.uexp" 427
"../../../Engine/Content/VREditor/TransformGizmo/BoundingBoxCorner.uasset" 428
"../../../Engine/Content/VREditor/TransformGizmo/BoundingBoxCorner.uexp" 429
"../../../Engine/Content/VREditor/TransformGizmo/BoundingBoxCorner.ubulk" 430
"../../../Engine/Content/VREditor/TransformGizmo/BoundingBoxEdge.uasset" 431
"../../../Engine/Content/VREditor/TransformGizmo/BoundingBoxEdge.uexp" 432
"../../../Engine/Content/VREditor/TransformGizmo/BoundingBoxEdge.ubulk" 433
"../../../Engine/Content/VREditor/TransformGizmo/PlaneTranslationHandle.uasset" 434
"../../../Engine/Content/VREditor/TransformGizmo/PlaneTranslationHandle.uexp" 435
"../../../Engine/Content/VREditor/TransformGizmo/PlaneTranslationHandle.ubulk" 436
"../../../Engine/Content/VREditor/TransformGizmo/Main.uasset" 437
"../../../Engine/Content/VREditor/TransformGizmo/Main.uexp" 438
"../../../Engine/Content/VREditor/TransformGizmo/Xray.uasset" 439
"../../../Engine/Content/VREditor/TransformGizmo/Xray.uexp" 440
"../../../Engine/Content/VREditor/TransformGizmo/SM_Sequencer_Key.uasset" 441
"../../../Engine/Content/VREditor/TransformGizmo/SM_Sequencer_Key.uexp" 442
"../../../Engine/Content/VREditor/TransformGizmo/SM_Sequencer_Key.ubulk" 443
"../../../Engine/Content/VREditor/TransformGizmo/SM_Sequencer_Node.uasset" 444
"../../../Engine/Content/VREditor/TransformGizmo/SM_Sequencer_Node.uexp" 445
"../../../Engine/Content/VREditor/TransformGizmo/SM_Sequencer_Node.ubulk" 446
"../../../Engine/Content/Functions/Engine_MaterialFunctions02/ObjectLocalBounds.uasset" 447
"../../../Engine/Content/Functions/Engine_MaterialFunctions02/ObjectLocalBounds.uexp" 448
"../../../Engine/Content/Functions/Engine_MaterialFunctions02/UVs/BoundingBoxBased_0-1_UVW.uasset" 449
"../../../Engine/Content/Functions/Engine_MaterialFunctions02/UVs/BoundingBoxBased_0-1_UVW.uexp" 450
"../../../Engine/Plugins/Editor/SpeedTreeImporter/Content/SpeedTree9/game_wind_noise.uasset" 451
"../../../Engine/Plugins/Editor/SpeedTreeImporter/Content/SpeedTree9/game_wind_noise.uexp" 452
"../../../Engine/Plugins/Editor/SpeedTreeImporter/Content/SpeedTree9/game_wind_noise.ubulk" 453
"../../../Engine/Plugins/Editor/SpeedTreeImporter/Content/SpeedTree9/SpeedTreeBillboard.uasset" 454
"../../../Engine/Plugins/Editor/SpeedTreeImporter/Content/SpeedTree9/SpeedTreeBillboard.uexp" 455
"../../../Engine/Content/Functions/Engine_MaterialFunctions02/SafeNormalize.uasset" 456
"../../../Engine/Content/Functions/Engine_MaterialFunctions02/SafeNormalize.uexp" 457
"../../../Engine/Plugins/Editor/SpeedTreeImporter/Content/SpeedTree9/SpeedTreeWindMotion.uasset" 458
"../../../Engine/Plugins/Editor/SpeedTreeImporter/Content/SpeedTree9/SpeedTreeWindMotion.uexp" 459
"../../../Engine/Plugins/Editor/SpeedTreeImporter/Content/SpeedTree9/UnpackDirection.uasset" 460
"../../../Engine/Plugins/Editor/SpeedTreeImporter/Content/SpeedTree9/UnpackDirection.uexp" 461
"../../../Engine/Plugins/Editor/SpeedTreeImporter/Content/SpeedTree9/UnpackInteger3.uasset" 462
"../../../Engine/Plugins/Editor/SpeedTreeImporter/Content/SpeedTree9/UnpackInteger3.uexp" 463
"../../../Engine/Plugins/Editor/SpeedTreeImporter/Content/SpeedTree9/SpeedTreeBranchMotion.uasset" 464
"../../../Engine/Plugins/Editor/SpeedTreeImporter/Content/SpeedTree9/SpeedTreeBranchMotion.uexp" 465
"../../../Engine/Plugins/Editor/SpeedTreeImporter/Content/SpeedTree9/SpeedTreeWind.uasset" 466
"../../../Engine/Plugins/Editor/SpeedTreeImporter/Content/SpeedTree9/SpeedTreeWind.uexp" 467
"../../../Engine/Content/EngineResources/DefaultTexture.uasset" 468
"../../../Engine/Content/EngineResources/DefaultTexture.uexp" 469
"../../../Engine/Content/EngineResources/DefaultTexture.ubulk" 470
"../../../Engine/Plugins/Editor/SpeedTreeImporter/Content/SpeedTree9/SpeedTreeBillboardMaster.uasset" 471
"../../../Engine/Plugins/Editor/SpeedTreeImporter/Content/SpeedTree9/SpeedTreeBillboardMaster.uexp" 472
"../../../Engine/Plugins/Editor/SpeedTreeImporter/Content/SpeedTree9/SpeedTreeCameraFacing.uasset" 473
"../../../Engine/Plugins/Editor/SpeedTreeImporter/Content/SpeedTree9/SpeedTreeCameraFacing.uexp" 474
"../../../Engine/Plugins/Editor/SpeedTreeImporter/Content/SpeedTree9/SpeedTreeMaster.uasset" 475
"../../../Engine/Plugins/Editor/SpeedTreeImporter/Content/SpeedTree9/SpeedTreeMaster.uexp" 476
"../../../Engine/Plugins/Experimental/ControlRig/Content/M_Manip.uasset" 477
"../../../Engine/Plugins/Experimental/ControlRig/Content/M_Manip.uexp" 478
"../../../Engine/Plugins/Experimental/ControlRig/Content/Controls/ControlRigGizmoMaterial.uasset" 479
"../../../Engine/Plugins/Experimental/ControlRig/Content/Controls/ControlRigGizmoMaterial.uexp" 480
"../../../Engine/Plugins/Experimental/ControlRig/Content/Controls/ControlRig_Arrow2_1mm.uasset" 481
"../../../Engine/Plugins/Experimental/ControlRig/Content/Controls/ControlRig_Arrow2_1mm.uexp" 482
"../../../Engine/Plugins/Experimental/ControlRig/Content/Controls/ControlRig_Arrow2_1mm.ubulk" 483
"../../../Engine/Plugins/Experimental/ControlRig/Content/Controls/ControlRig_Arrow2_3mm.uasset" 484
"../../../Engine/Plugins/Experimental/ControlRig/Content/Controls/ControlRig_Arrow2_3mm.uexp" 485
"../../../Engine/Plugins/Experimental/ControlRig/Content/Controls/ControlRig_Arrow2_3mm.ubulk" 486
"../../../Engine/Plugins/Experimental/ControlRig/Content/Controls/ControlRig_Arrow2_solid.uasset" 487
"../../../Engine/Plugins/Experimental/ControlRig/Content/Controls/ControlRig_Arrow2_solid.uexp" 488
"../../../Engine/Plugins/Experimental/ControlRig/Content/Controls/ControlRig_Arrow2_solid.ubulk" 489
"../../../Engine/Plugins/Experimental/ControlRig/Content/Controls/ControlRig_Arrow4_1mm.uasset" 490
"../../../Engine/Plugins/Experimental/ControlRig/Content/Controls/ControlRig_Arrow4_1mm.uexp" 491
"../../../Engine/Plugins/Experimental/ControlRig/Content/Controls/ControlRig_Arrow4_1mm.ubulk" 492
"../../../Engine/Plugins/Experimental/ControlRig/Content/Controls/ControlRig_Arrow4_3mm.uasset" 493
"../../../Engine/Plugins/Experimental/ControlRig/Content/Controls/ControlRig_Arrow4_3mm.uexp" 494
"../../../Engine/Plugins/Experimental/ControlRig/Content/Controls/ControlRig_Arrow4_3mm.ubulk" 495
"../../../Engine/Plugins/Experimental/ControlRig/Content/Controls/ControlRig_Arrow4_solid.uasset" 496
"../../../Engine/Plugins/Experimental/ControlRig/Content/Controls/ControlRig_Arrow4_solid.uexp" 497
"../../../Engine/Plugins/Experimental/ControlRig/Content/Controls/ControlRig_Arrow4_solid.ubulk" 498
"../../../Engine/Plugins/Experimental/ControlRig/Content/Controls/ControlRig_Arrow_1mm.uasset" 499
"../../../Engine/Plugins/Experimental/ControlRig/Content/Controls/ControlRig_Arrow_1mm.uexp" 500
"../../../Engine/Plugins/Experimental/ControlRig/Content/Controls/ControlRig_Arrow_1mm.ubulk" 501
"../../../Engine/Plugins/Experimental/ControlRig/Content/Controls/ControlRig_Arrow_3mm.uasset" 502
"../../../Engine/Plugins/Experimental/ControlRig/Content/Controls/ControlRig_Arrow_3mm.uexp" 503
"../../../Engine/Plugins/Experimental/ControlRig/Content/Controls/ControlRig_Arrow_3mm.ubulk" 504
"../../../Engine/Plugins/Experimental/ControlRig/Content/Controls/ControlRig_Arrow_solid.uasset" 505
"../../../Engine/Plugins/Experimental/ControlRig/Content/Controls/ControlRig_Arrow_solid.uexp" 506
"../../../Engine/Plugins/Experimental/ControlRig/Content/Controls/ControlRig_Arrow_solid.ubulk" 507
"../../../Engine/Plugins/Experimental/ControlRig/Content/Controls/ControlRig_Box_1mm.uasset" 508
"../../../Engine/Plugins/Experimental/ControlRig/Content/Controls/ControlRig_Box_1mm.uexp" 509
"../../../Engine/Plugins/Experimental/ControlRig/Content/Controls/ControlRig_Box_1mm.ubulk" 510
"../../../Engine/Plugins/Experimental/ControlRig/Content/Controls/ControlRig_Box_3mm.uasset" 511
"../../../Engine/Plugins/Experimental/ControlRig/Content/Controls/ControlRig_Box_3mm.uexp" 512
"../../../Engine/Plugins/Experimental/ControlRig/Content/Controls/ControlRig_Box_3mm.ubulk" 513
"../../../Engine/Plugins/Experimental/ControlRig/Content/Controls/ControlRig_Box_solid.uasset" 514
"../../../Engine/Plugins/Experimental/ControlRig/Content/Controls/ControlRig_Box_solid.uexp" 515
"../../../Engine/Plugins/Experimental/ControlRig/Content/Controls/ControlRig_Box_solid.ubulk" 516
"../../../Engine/Plugins/Experimental/ControlRig/Content/Controls/ControlRig_Circle_1mm.uasset" 517
"../../../Engine/Plugins/Experimental/ControlRig/Content/Controls/ControlRig_Circle_1mm.uexp" 518
"../../../Engine/Plugins/Experimental/ControlRig/Content/Controls/ControlRig_Circle_1mm.ubulk" 519
"../../../Engine/Plugins/Experimental/ControlRig/Content/Controls/ControlRig_Circle_3mm.uasset" 520
"../../../Engine/Plugins/Experimental/ControlRig/Content/Controls/ControlRig_Circle_3mm.uexp" 521
"../../../Engine/Plugins/Experimental/ControlRig/Content/Controls/ControlRig_Circle_3mm.ubulk" 522
"../../../Engine/Plugins/Experimental/ControlRig/Content/Controls/ControlRig_Circle_solid.uasset" 523
"../../../Engine/Plugins/Experimental/ControlRig/Content/Controls/ControlRig_Circle_solid.uexp" 524
"../../../Engine/Plugins/Experimental/ControlRig/Content/Controls/ControlRig_Circle_solid.ubulk" 525
"../../../Engine/Plugins/Experimental/ControlRig/Content/Controls/ControlRig_Diamond_1mm.uasset" 526
"../../../Engine/Plugins/Experimental/ControlRig/Content/Controls/ControlRig_Diamond_1mm.uexp" 527
"../../../Engine/Plugins/Experimental/ControlRig/Content/Controls/ControlRig_Diamond_1mm.ubulk" 528
"../../../Engine/Plugins/Experimental/ControlRig/Content/Controls/ControlRig_Diamond_3mm.uasset" 529
"../../../Engine/Plugins/Experimental/ControlRig/Content/Controls/ControlRig_Diamond_3mm.uexp" 530
"../../../Engine/Plugins/Experimental/ControlRig/Content/Controls/ControlRig_Diamond_3mm.ubulk" 531
"../../../Engine/Plugins/Experimental/ControlRig/Content/Controls/ControlRig_Diamond_solid.uasset" 532
"../../../Engine/Plugins/Experimental/ControlRig/Content/Controls/ControlRig_Diamond_solid.uexp" 533
"../../../Engine/Plugins/Experimental/ControlRig/Content/Controls/ControlRig_Diamond_solid.ubulk" 534
"../../../Engine/Plugins/Experimental/ControlRig/Content/Controls/ControlRig_HalfCircle_1mm.uasset" 535
"../../../Engine/Plugins/Experimental/ControlRig/Content/Controls/ControlRig_HalfCircle_1mm.uexp" 536
"../../../Engine/Plugins/Experimental/ControlRig/Content/Controls/ControlRig_HalfCircle_1mm.ubulk" 537
"../../../Engine/Plugins/Experimental/ControlRig/Content/Controls/ControlRig_HalfCircle_3mm.uasset" 538
"../../../Engine/Plugins/Experimental/ControlRig/Content/Controls/ControlRig_HalfCircle_3mm.uexp" 539
"../../../Engine/Plugins/Experimental/ControlRig/Content/Controls/ControlRig_HalfCircle_3mm.ubulk" 540
"../../../Engine/Plugins/Experimental/ControlRig/Content/Controls/ControlRig_HalfCircle_solid.uasset" 541
"../../../Engine/Plugins/Experimental/ControlRig/Content/Controls/ControlRig_HalfCircle_solid.uexp" 542
"../../../Engine/Plugins/Experimental/ControlRig/Content/Controls/ControlRig_HalfCircle_solid.ubulk" 543
"../../../Engine/Plugins/Experimental/ControlRig/Content/Controls/ControlRig_Hexagon_1mm.uasset" 544
"../../../Engine/Plugins/Experimental/ControlRig/Content/Controls/ControlRig_Hexagon_1mm.uexp" 545
"../../../Engine/Plugins/Experimental/ControlRig/Content/Controls/ControlRig_Hexagon_1mm.ubulk" 546
"../../../Engine/Plugins/Experimental/ControlRig/Content/Controls/ControlRig_Hexagon_3mm.uasset" 547
"../../../Engine/Plugins/Experimental/ControlRig/Content/Controls/ControlRig_Hexagon_3mm.uexp" 548
"../../../Engine/Plugins/Experimental/ControlRig/Content/Controls/ControlRig_Hexagon_3mm.ubulk" 549
"../../../Engine/Plugins/Experimental/ControlRig/Content/Controls/ControlRig_Hexagon_solid.uasset" 550
"../../../Engine/Plugins/Experimental/ControlRig/Content/Controls/ControlRig_Hexagon_solid.uexp" 551
"../../../Engine/Plugins/Experimental/ControlRig/Content/Controls/ControlRig_Hexagon_solid.ubulk" 552
"../../../Engine/Plugins/Experimental/ControlRig/Content/Controls/ControlRig_Octagon_1mm.uasset" 553
"../../../Engine/Plugins/Experimental/ControlRig/Content/Controls/ControlRig_Octagon_1mm.uexp" 554
"../../../Engine/Plugins/Experimental/ControlRig/Content/Controls/ControlRig_Octagon_1mm.ubulk" 555
"../../../Engine/Plugins/Experimental/ControlRig/Content/Controls/ControlRig_Octagon_3mm.uasset" 556
"../../../Engine/Plugins/Experimental/ControlRig/Content/Controls/ControlRig_Octagon_3mm.uexp" 557
"../../../Engine/Plugins/Experimental/ControlRig/Content/Controls/ControlRig_Octagon_3mm.ubulk" 558
"../../../Engine/Plugins/Experimental/ControlRig/Content/Controls/ControlRig_Octagon_solid.uasset" 559
"../../../Engine/Plugins/Experimental/ControlRig/Content/Controls/ControlRig_Octagon_solid.uexp" 560
"../../../Engine/Plugins/Experimental/ControlRig/Content/Controls/ControlRig_Octagon_solid.ubulk" 561
"../../../Engine/Plugins/Experimental/ControlRig/Content/Controls/ControlRig_Pyramid_1mm.uasset" 562
"../../../Engine/Plugins/Experimental/ControlRig/Content/Controls/ControlRig_Pyramid_1mm.uexp" 563
"../../../Engine/Plugins/Experimental/ControlRig/Content/Controls/ControlRig_Pyramid_1mm.ubulk" 564
"../../../Engine/Plugins/Experimental/ControlRig/Content/Controls/ControlRig_Pyramid_3mm.uasset" 565
"../../../Engine/Plugins/Experimental/ControlRig/Content/Controls/ControlRig_Pyramid_3mm.uexp" 566
"../../../Engine/Plugins/Experimental/ControlRig/Content/Controls/ControlRig_Pyramid_3mm.ubulk" 567
"../../../Engine/Plugins/Experimental/ControlRig/Content/Controls/ControlRig_Pyramid_solid.uasset" 568
"../../../Engine/Plugins/Experimental/ControlRig/Content/Controls/ControlRig_Pyramid_solid.uexp" 569
"../../../Engine/Plugins/Experimental/ControlRig/Content/Controls/ControlRig_Pyramid_solid.ubulk" 570
"../../../Engine/Plugins/Experimental/ControlRig/Content/Controls/ControlRig_QuarterCircle_1mm.uasset" 571
"../../../Engine/Plugins/Experimental/ControlRig/Content/Controls/ControlRig_QuarterCircle_1mm.uexp" 572
"../../../Engine/Plugins/Experimental/ControlRig/Content/Controls/ControlRig_QuarterCircle_1mm.ubulk" 573
"../../../Engine/Plugins/Experimental/ControlRig/Content/Controls/ControlRig_QuarterCircle_3mm.uasset" 574
"../../../Engine/Plugins/Experimental/ControlRig/Content/Controls/ControlRig_QuarterCircle_3mm.uexp" 575
"../../../Engine/Plugins/Experimental/ControlRig/Content/Controls/ControlRig_QuarterCircle_3mm.ubulk" 576
"../../../Engine/Plugins/Experimental/ControlRig/Content/Controls/ControlRig_QuarterCircle_solid.uasset" 577
"../../../Engine/Plugins/Experimental/ControlRig/Content/Controls/ControlRig_QuarterCircle_solid.uexp" 578
"../../../Engine/Plugins/Experimental/ControlRig/Content/Controls/ControlRig_QuarterCircle_solid.ubulk" 579
"../../../Engine/Plugins/Experimental/ControlRig/Content/Controls/ControlRig_RoundedSquare_1mm.uasset" 580
"../../../Engine/Plugins/Experimental/ControlRig/Content/Controls/ControlRig_RoundedSquare_1mm.uexp" 581
"../../../Engine/Plugins/Experimental/ControlRig/Content/Controls/ControlRig_RoundedSquare_1mm.ubulk" 582
"../../../Engine/Plugins/Experimental/ControlRig/Content/Controls/ControlRig_RoundedSquare_3mm.uasset" 583
"../../../Engine/Plugins/Experimental/ControlRig/Content/Controls/ControlRig_RoundedSquare_3mm.uexp" 584
"../../../Engine/Plugins/Experimental/ControlRig/Content/Controls/ControlRig_RoundedSquare_3mm.ubulk" 585
"../../../Engine/Plugins/Experimental/ControlRig/Content/Controls/ControlRig_RoundedSquare_solid.uasset" 586
"../../../Engine/Plugins/Experimental/ControlRig/Content/Controls/ControlRig_RoundedSquare_solid.uexp" 587
"../../../Engine/Plugins/Experimental/ControlRig/Content/Controls/ControlRig_RoundedSquare_solid.ubulk" 588
"../../../Engine/Plugins/Experimental/ControlRig/Content/Controls/ControlRig_RoundedTriangle_1mm.uasset" 589
"../../../Engine/Plugins/Experimental/ControlRig/Content/Controls/ControlRig_RoundedTriangle_1mm.uexp" 590
"../../../Engine/Plugins/Experimental/ControlRig/Content/Controls/ControlRig_RoundedTriangle_1mm.ubulk" 591
"../../../Engine/Plugins/Experimental/ControlRig/Content/Controls/ControlRig_RoundedTriangle_3mm.uasset" 592
"../../../Engine/Plugins/Experimental/ControlRig/Content/Controls/ControlRig_RoundedTriangle_3mm.uexp" 593
"../../../Engine/Plugins/Experimental/ControlRig/Content/Controls/ControlRig_RoundedTriangle_3mm.ubulk" 594
"../../../Engine/Plugins/Experimental/ControlRig/Content/Controls/ControlRig_RoundedTriangle_solid.uasset" 595
"../../../Engine/Plugins/Experimental/ControlRig/Content/Controls/ControlRig_RoundedTriangle_solid.uexp" 596
"../../../Engine/Plugins/Experimental/ControlRig/Content/Controls/ControlRig_RoundedTriangle_solid.ubulk" 597
"../../../Engine/Plugins/Experimental/ControlRig/Content/Controls/ControlRig_Sphere_1mm.uasset" 598
"../../../Engine/Plugins/Experimental/ControlRig/Content/Controls/ControlRig_Sphere_1mm.uexp" 599
"../../../Engine/Plugins/Experimental/ControlRig/Content/Controls/ControlRig_Sphere_1mm.ubulk" 600
"../../../Engine/Plugins/Experimental/ControlRig/Content/Controls/ControlRig_Sphere_3mm.uasset" 601
"../../../Engine/Plugins/Experimental/ControlRig/Content/Controls/ControlRig_Sphere_3mm.uexp" 602
"../../../Engine/Plugins/Experimental/ControlRig/Content/Controls/ControlRig_Sphere_3mm.ubulk" 603
"../../../Engine/Plugins/Experimental/ControlRig/Content/Controls/ControlRig_Sphere_solid.uasset" 604
"../../../Engine/Plugins/Experimental/ControlRig/Content/Controls/ControlRig_Sphere_solid.uexp" 605
"../../../Engine/Plugins/Experimental/ControlRig/Content/Controls/ControlRig_Sphere_solid.ubulk" 606
"../../../Engine/Plugins/Experimental/ControlRig/Content/Controls/ControlRig_Square_1mm.uasset" 607
"../../../Engine/Plugins/Experimental/ControlRig/Content/Controls/ControlRig_Square_1mm.uexp" 608
"../../../Engine/Plugins/Experimental/ControlRig/Content/Controls/ControlRig_Square_1mm.ubulk" 609
"../../../Engine/Plugins/Experimental/ControlRig/Content/Controls/ControlRig_Square_3mm.uasset" 610
"../../../Engine/Plugins/Experimental/ControlRig/Content/Controls/ControlRig_Square_3mm.uexp" 611
"../../../Engine/Plugins/Experimental/ControlRig/Content/Controls/ControlRig_Square_3mm.ubulk" 612
"../../../Engine/Plugins/Experimental/ControlRig/Content/Controls/ControlRig_Square_solid.uasset" 613
"../../../Engine/Plugins/Experimental/ControlRig/Content/Controls/ControlRig_Square_solid.uexp" 614
"../../../Engine/Plugins/Experimental/ControlRig/Content/Controls/ControlRig_Square_solid.ubulk" 615
"../../../Engine/Plugins/Experimental/ControlRig/Content/Controls/ControlRig_Star4_1mm.uasset" 616
"../../../Engine/Plugins/Experimental/ControlRig/Content/Controls/ControlRig_Star4_1mm.uexp" 617
"../../../Engine/Plugins/Experimental/ControlRig/Content/Controls/ControlRig_Star4_1mm.ubulk" 618
"../../../Engine/Plugins/Experimental/ControlRig/Content/Controls/ControlRig_Star4_3mm.uasset" 619
"../../../Engine/Plugins/Experimental/ControlRig/Content/Controls/ControlRig_Star4_3mm.uexp" 620
"../../../Engine/Plugins/Experimental/ControlRig/Content/Controls/ControlRig_Star4_3mm.ubulk" 621
"../../../Engine/Plugins/Experimental/ControlRig/Content/Controls/ControlRig_Star4_solid.uasset" 622
"../../../Engine/Plugins/Experimental/ControlRig/Content/Controls/ControlRig_Star4_solid.uexp" 623
"../../../Engine/Plugins/Experimental/ControlRig/Content/Controls/ControlRig_Star4_solid.ubulk" 624
"../../../Engine/Plugins/Experimental/ControlRig/Content/Controls/ControlRig_Triangle_1mm.uasset" 625
"../../../Engine/Plugins/Experimental/ControlRig/Content/Controls/ControlRig_Triangle_1mm.uexp" 626
"../../../Engine/Plugins/Experimental/ControlRig/Content/Controls/ControlRig_Triangle_1mm.ubulk" 627
"../../../Engine/Plugins/Experimental/ControlRig/Content/Controls/ControlRig_Triangle_3mm.uasset" 628
"../../../Engine/Plugins/Experimental/ControlRig/Content/Controls/ControlRig_Triangle_3mm.uexp" 629
"../../../Engine/Plugins/Experimental/ControlRig/Content/Controls/ControlRig_Triangle_3mm.ubulk" 630
"../../../Engine/Plugins/Experimental/ControlRig/Content/Controls/ControlRig_Triangle_solid.uasset" 631
"../../../Engine/Plugins/Experimental/ControlRig/Content/Controls/ControlRig_Triangle_solid.uexp" 632
"../../../Engine/Plugins/Experimental/ControlRig/Content/Controls/ControlRig_Triangle_solid.ubulk" 633
"../../../Engine/Plugins/Experimental/ControlRig/Content/Controls/ControlRig_Wedge_1mm.uasset" 634
"../../../Engine/Plugins/Experimental/ControlRig/Content/Controls/ControlRig_Wedge_1mm.uexp" 635
"../../../Engine/Plugins/Experimental/ControlRig/Content/Controls/ControlRig_Wedge_1mm.ubulk" 636
"../../../Engine/Plugins/Experimental/ControlRig/Content/Controls/ControlRig_Wedge_3mm.uasset" 637
"../../../Engine/Plugins/Experimental/ControlRig/Content/Controls/ControlRig_Wedge_3mm.uexp" 638
"../../../Engine/Plugins/Experimental/ControlRig/Content/Controls/ControlRig_Wedge_3mm.ubulk" 639
"../../../Engine/Plugins/Experimental/ControlRig/Content/Controls/ControlRig_Wedge_solid.uasset" 640
"../../../Engine/Plugins/Experimental/ControlRig/Content/Controls/ControlRig_Wedge_solid.uexp" 641
"../../../Engine/Plugins/Experimental/ControlRig/Content/Controls/ControlRig_Wedge_solid.ubulk" 642
"../../../Engine/Plugins/Experimental/ControlRig/Content/Controls/DefaultGizmoLibrary.uasset" 643
"../../../Engine/Plugins/Experimental/ControlRig/Content/Controls/DefaultGizmoLibrary.uexp" 644
"../../../Engine/Content/BasicShapes/Cylinder.uasset" 645
"../../../Engine/Content/BasicShapes/Cylinder.uexp" 646
"../../../Engine/Content/BasicShapes/Cylinder.ubulk" 647
"../../../Engine/Content/ArtTools/RenderToTexture/Materials/Debug/M_Emissive_Color.uasset" 648
"../../../Engine/Content/ArtTools/RenderToTexture/Materials/Debug/M_Emissive_Color.uexp" 649
"../../../Engine/Plugins/Lumin/MagicLeapPassableWorld/Content/MagicLeapARPinInfoActor.uasset" 650
"../../../Engine/Plugins/Lumin/MagicLeapPassableWorld/Content/MagicLeapARPinInfoActor.uexp" 651
"../../../Engine/Plugins/Runtime/HairStrands/Content/Materials/HairCardsDefaultMaterial.uasset" 652
"../../../Engine/Plugins/Runtime/HairStrands/Content/Materials/HairCardsDefaultMaterial.uexp" 653
"../../../Engine/Content/EngineMaterials/HairColorMap.uasset" 654
"../../../Engine/Content/EngineMaterials/HairColorMap.uexp" 655
"../../../Engine/Content/EngineMaterials/HairDebugColor.uasset" 656
"../../../Engine/Content/EngineMaterials/HairDebugColor.uexp" 657
"../../../Engine/Plugins/Runtime/HairStrands/Content/Materials/HairDebugMaterial.uasset" 658
"../../../Engine/Plugins/Runtime/HairStrands/Content/Materials/HairDebugMaterial.uexp" 659
"../../../Engine/Plugins/Runtime/HairStrands/Content/Materials/HairDefaultMaterial.uasset" 660
"../../../Engine/Plugins/Runtime/HairStrands/Content/Materials/HairDefaultMaterial.uexp" 661
"../../../Engine/Plugins/Runtime/HairStrands/Content/Materials/HairMeshesDefaultMaterial.uasset" 662
"../../../Engine/Plugins/Runtime/HairStrands/Content/Materials/HairMeshesDefaultMaterial.uexp" 663
"../../../Engine/Content/Functions/Engine_MaterialFunctions02/Utility/BreakOutFloat4Components.uasset" 664
"../../../Engine/Content/Functions/Engine_MaterialFunctions02/Utility/BreakOutFloat4Components.uexp" 665
"../../../Engine/Plugins/Runtime/Oculus/OculusVR/Content/Materials/OculusMR_ChromaKey.uasset" 666
"../../../Engine/Plugins/Runtime/Oculus/OculusVR/Content/Materials/OculusMR_ChromaKey.uexp" 667
"../../../Engine/Plugins/Runtime/Oculus/OculusVR/Content/Materials/OculusMR_OpaqueColoredMaterial.uasset" 668
"../../../Engine/Plugins/Runtime/Oculus/OculusVR/Content/Materials/OculusMR_OpaqueColoredMaterial.uexp" 669
"../../../Engine/Plugins/Runtime/Oculus/OculusVR/Content/Materials/PokeAHoleMaterial.uasset" 670
"../../../Engine/Plugins/Runtime/Oculus/OculusVR/Content/Materials/PokeAHoleMaterial.uexp" 671
"D:/GitRepos/UnrealHideAndSeekTag/MyProject/Content/StarterContent/Materials/M_Basic_Wall.uasset" 672
"D:/GitRepos/UnrealHideAndSeekTag/MyProject/Content/StarterContent/Materials/M_Basic_Wall.uexp" 673
"D:/GitRepos/UnrealHideAndSeekTag/MyProject/Content/StarterContent/Shapes/Shape_Cube.uasset" 674
"D:/GitRepos/UnrealHideAndSeekTag/MyProject/Content/StarterContent/Shapes/Shape_Cube.uexp" 675
"D:/GitRepos/UnrealHideAndSeekTag/MyProject/Content/StarterContent/Shapes/Shape_Cube.ubulk" 676
"../../../Engine/Content/BasicShapes/Cube.uasset" 677
"../../../Engine/Content/BasicShapes/Cube.uexp" 678
"../../../Engine/Content/BasicShapes/Cube.ubulk" 679
"../../../Engine/Content/BasicShapes/BasicShapeMaterial.uasset" 680
"../../../Engine/Content/BasicShapes/BasicShapeMaterial.uexp" 681
"D:/GitRepos/UnrealHideAndSeekTag/MyProject/Content/Code_And_Blueprints/BouncingPlatform.uasset" 682
"D:/GitRepos/UnrealHideAndSeekTag/MyProject/Content/Code_And_Blueprints/BouncingPlatform.uexp" 683
"D:/GitRepos/UnrealHideAndSeekTag/MyProject/Content/Code_And_Blueprints/ExtraHighBounce.uasset" 684
"D:/GitRepos/UnrealHideAndSeekTag/MyProject/Content/Code_And_Blueprints/ExtraHighBounce.uexp" 685
"D:/GitRepos/UnrealHideAndSeekTag/MyProject/Content/Code_And_Blueprints/HighBounce.uasset" 686
"D:/GitRepos/UnrealHideAndSeekTag/MyProject/Content/Code_And_Blueprints/HighBounce.uexp" 687
"D:/GitRepos/UnrealHideAndSeekTag/MyProject/Content/Levels/Level1_BuiltData.uasset" 688
"D:/GitRepos/UnrealHideAndSeekTag/MyProject/Content/Levels/Level1_BuiltData.uexp" 689
"D:/GitRepos/UnrealHideAndSeekTag/MyProject/Content/Levels/Level1_BuiltData.ubulk" 690
"D:/GitRepos/UnrealHideAndSeekTag/MyProject/Content/Levels/Level1.uexp" 691
"D:/GitRepos/UnrealHideAndSeekTag/MyProject/Content/Levels/Level1.umap" 692
"D:/GitRepos/UnrealHideAndSeekTag/MyProject/Content/StarterContent/Shapes/Shape_QuadPyramid.uasset" 693
"D:/GitRepos/UnrealHideAndSeekTag/MyProject/Content/StarterContent/Shapes/Shape_QuadPyramid.uexp" 694
"D:/GitRepos/UnrealHideAndSeekTag/MyProject/Content/StarterContent/Shapes/Shape_QuadPyramid.ubulk" 695
"D:/GitRepos/UnrealHideAndSeekTag/MyProject/Content/StarterContent/Shapes/Shape_Sphere.uasset" 696
"D:/GitRepos/UnrealHideAndSeekTag/MyProject/Content/StarterContent/Shapes/Shape_Sphere.uexp" 697
"D:/GitRepos/UnrealHideAndSeekTag/MyProject/Content/StarterContent/Shapes/Shape_Sphere.ubulk" 698
"D:/GitRepos/UnrealHideAndSeekTag/MyProject/Content/Code_And_Blueprints/MovingPlatforms.uasset" 699
"D:/GitRepos/UnrealHideAndSeekTag/MyProject/Content/Code_And_Blueprints/MovingPlatforms.uexp" 700
"D:/GitRepos/UnrealHideAndSeekTag/MyProject/Content/Code_And_Blueprints/LargeSlowMovingPlatforms.uasset" 701
"D:/GitRepos/UnrealHideAndSeekTag/MyProject/Content/Code_And_Blueprints/LargeSlowMovingPlatforms.uexp" 702
"D:/GitRepos/UnrealHideAndSeekTag/MyProject/Content/Levels/Level2_BuiltData.uasset" 703
"D:/GitRepos/UnrealHideAndSeekTag/MyProject/Content/Levels/Level2_BuiltData.uexp" 704
"D:/GitRepos/UnrealHideAndSeekTag/MyProject/Content/Levels/Level2_BuiltData.ubulk" 705
"D:/GitRepos/UnrealHideAndSeekTag/MyProject/Content/Materials/Emissive.uasset" 706
"D:/GitRepos/UnrealHideAndSeekTag/MyProject/Content/Materials/Emissive.uexp" 707
"D:/GitRepos/UnrealHideAndSeekTag/MyProject/Content/StarterContent/Shapes/Shape_Cylinder.uasset" 708
"D:/GitRepos/UnrealHideAndSeekTag/MyProject/Content/StarterContent/Shapes/Shape_Cylinder.uexp" 709
"D:/GitRepos/UnrealHideAndSeekTag/MyProject/Content/StarterContent/Shapes/Shape_Cylinder.ubulk" 710
"D:/GitRepos/UnrealHideAndSeekTag/MyProject/Content/Levels/Level2.uexp" 711
"D:/GitRepos/UnrealHideAndSeekTag/MyProject/Content/Levels/Level2.umap" 712
"D:/GitRepos/UnrealHideAndSeekTag/MyProject/Content/Levels/Level3_BuiltData.uasset" 713
"D:/GitRepos/UnrealHideAndSeekTag/MyProject/Content/Levels/Level3_BuiltData.uexp" 714
"D:/GitRepos/UnrealHideAndSeekTag/MyProject/Content/Levels/Level3_BuiltData.ubulk" 715
"D:/GitRepos/UnrealHideAndSeekTag/MyProject/Content/Levels/Level3.uexp" 716
"D:/GitRepos/UnrealHideAndSeekTag/MyProject/Content/Levels/Level3.umap" 717
"D:/GitRepos/UnrealHideAndSeekTag/MyProject/Content/Levels/Level4_BuiltData.uasset" 718
"D:/GitRepos/UnrealHideAndSeekTag/MyProject/Content/Levels/Level4_BuiltData.uexp" 719
"D:/GitRepos/UnrealHideAndSeekTag/MyProject/Content/Levels/Level4_BuiltData.ubulk" 720
"D:/GitRepos/UnrealHideAndSeekTag/MyProject/Content/StarterContent/Shapes/Shape_Tube.uasset" 721
"D:/GitRepos/UnrealHideAndSeekTag/MyProject/Content/StarterContent/Shapes/Shape_Tube.uexp" 722
"D:/GitRepos/UnrealHideAndSeekTag/MyProject/Content/StarterContent/Shapes/Shape_Tube.ubulk" 723
"D:/GitRepos/UnrealHideAndSeekTag/MyProject/Content/Levels/Level4.uexp" 724
"D:/GitRepos/UnrealHideAndSeekTag/MyProject/Content/Levels/Level4.umap" 725
"D:/GitRepos/UnrealHideAndSeekTag/MyProject/Content/OnlineBasicCode/OnlineMultiplayer.uasset" 726
"D:/GitRepos/UnrealHideAndSeekTag/MyProject/Content/OnlineBasicCode/OnlineMultiplayer.uexp" 727
"D:/GitRepos/UnrealHideAndSeekTag/MyProject/Content/OnlineBasicCode/W_SessionFinder.uasset" 728
"D:/GitRepos/UnrealHideAndSeekTag/MyProject/Content/OnlineBasicCode/W_SessionFinder.uexp" 729
"D:/GitRepos/UnrealHideAndSeekTag/MyProject/Content/OnlineBasicCode/MultiplayerMenu.uasset" 730
"D:/GitRepos/UnrealHideAndSeekTag/MyProject/Content/OnlineBasicCode/MultiplayerMenu.uexp" 731
"D:/GitRepos/UnrealHideAndSeekTag/MyProject/Content/OnlineBasicCode/PC_Menu.uasset" 732
"D:/GitRepos/UnrealHideAndSeekTag/MyProject/Content/OnlineBasicCode/PC_Menu.uexp" 733
"D:/GitRepos/UnrealHideAndSeekTag/MyProject/Content/OnlineBasicCode/GM_Menu.uasset" 734
"D:/GitRepos/UnrealHideAndSeekTag/MyProject/Content/OnlineBasicCode/GM_Menu.uexp" 735
"D:/GitRepos/UnrealHideAndSeekTag/MyProject/Content/Levels/MultiplayerMenu.uexp" 736
"D:/GitRepos/UnrealHideAndSeekTag/MyProject/Content/Levels/MultiplayerMenu.umap" 737
"../../../Engine/Content/Maps/Entry_BuiltData.uasset" 738
"../../../Engine/Content/Maps/Entry_BuiltData.uexp" 739
"../../../Engine/Content/Maps/Entry.uexp" 740
"../../../Engine/Content/Maps/Entry.umap" 741
